C51 COMPILER V9.60.0.0   7_SEG_7447                                                        12/21/2021 14:39:52 PAGE 1   


C51 COMPILER V9.60.0.0, COMPILATION OF MODULE 7_SEG_7447
OBJECT MODULE PLACED IN .\Objects\7 seg 7447.obj
COMPILER INVOKED BY: C:\Keil_v5\C51\BIN\C51.EXE 7 seg 7447.c OPTIMIZE(8,SPEED) BROWSE DEBUG OBJECTEXTEND PRINT(.\Listing
                    -s\7 seg 7447.lst) TABS(2) OBJECT(.\Objects\7 seg 7447.obj)

line level    source

   1          #include <reg51.h>
   2          
   3          void delay();
   4          
   5          sbit k1=P1^0;     //initialize input pins
   6          sbit k2=P1^1;
   7          sbit k3=P1^2;
   8          sbit k4=P1^3;
   9          
  10          sbit d0=P0^4;     //initialize output pins
  11          sbit d1=P0^5;
  12          sbit d2=P0^6;
  13          sbit d3=P0^7;
  14          
  15          
  16          void main()
  17          {
  18   1        while(1)
  19   1        {
  20   2          if(k1==1)
  21   2            d0=1;
  22   2          if(k1==0)
  23   2            d0=0;
  24   2          
  25   2          delay();
  26   2          
  27   2          if(k2==1)
  28   2            d1=1;
  29   2          if(k2==0)
  30   2            d1=0;
  31   2          
  32   2          delay();
  33   2          
  34   2          if(k3==1)
  35   2            d2=1;
  36   2          if(k3==0)
  37   2            d2=0;
  38   2          
  39   2          delay();
  40   2          
  41   2          if(k4==1)
  42   2            d3=1;
  43   2          if(k4==0)
  44   2            d3=0; 
  45   2          
  46   2          delay();
  47   2          }
  48   1        }
  49          void delay()    //50ms delay
  50          {
  51   1        TMOD=0x01;    
  52   1        TH0=0x4B;
  53   1        TL0=0xFE;
  54   1        TR0=1;
C51 COMPILER V9.60.0.0   7_SEG_7447                                                        12/21/2021 14:39:52 PAGE 2   

  55   1        while(TF0==0);
  56   1        TR0=0;
  57   1        TF0=0;
  58   1      }


MODULE INFORMATION:   STATIC OVERLAYABLE
   CODE SIZE        =     73    ----
   CONSTANT SIZE    =   ----    ----
   XDATA SIZE       =   ----    ----
   PDATA SIZE       =   ----    ----
   DATA SIZE        =   ----    ----
   IDATA SIZE       =   ----    ----
   BIT SIZE         =   ----    ----
END OF MODULE INFORMATION.


C51 COMPILATION COMPLETE.  0 WARNING(S),  0 ERROR(S)
