C51 COMPILER V9.60.0.0   BCD_GENERATOR_FOR_7_SEG                                           11/28/2022 21:37:33 PAGE 1   


C51 COMPILER V9.60.0.0, COMPILATION OF MODULE BCD_GENERATOR_FOR_7_SEG
OBJECT MODULE PLACED IN .\Objects\BCD generator for 7 seg.obj
COMPILER INVOKED BY: C:\Keil_v5\C51\BIN\C51.EXE BCD generator for 7 seg.c OPTIMIZE(8,SPEED) BROWSE DEBUG OBJECTEXTEND PR
                    -INT(.\Listings\BCD generator for 7 seg.lst) TABS(2) OBJECT(.\Objects\BCD generator for 7 seg.obj)

line level    source

   1          #include <reg51.h>
   2          
   3          void delay();
   4          
   5          sbit Po=P0 ;
   6          
   7          void main()
   8          {
   9   1        while(1)
  10   1        {
  11   2          Po = 0X00;
  12   2          delay();
  13   2          
  14   2          Po = 0X01;
  15   2          delay();
  16   2          
  17   2          Po = 0X02;
  18   2          delay();
  19   2          
  20   2          Po = 0X03;
  21   2          delay();
  22   2          
  23   2          Po = 0X04;
  24   2          delay();
  25   2          
  26   2          Po = 0X05;
  27   2          delay();
  28   2          
  29   2          Po = 0X06;
  30   2          delay();
  31   2          
  32   2          Po = 0X07;
  33   2          delay();
  34   2          
  35   2          Po = 0X08;
  36   2          delay();
  37   2          
  38   2          Po = 0X09;
  39   2          delay();
  40   2        
  41   2        }
  42   1        
  43   1      }
  44          
  45          void delay()
  46          {
  47   1        TMOD = 0X01;
  48   1        TH0 = 0XFF;       //10 MS
  49   1        TL0 = 0XA3;
  50   1        TR0 = 1;
  51   1        
  52   1        while(TF0==0);
  53   1        TR0 = 0;
  54   1        TF0 = 0;
C51 COMPILER V9.60.0.0   BCD_GENERATOR_FOR_7_SEG                                           11/28/2022 21:37:33 PAGE 2   

  55   1      }


MODULE INFORMATION:   STATIC OVERLAYABLE
   CODE SIZE        =     71    ----
   CONSTANT SIZE    =   ----    ----
   XDATA SIZE       =   ----    ----
   PDATA SIZE       =   ----    ----
   DATA SIZE        =   ----    ----
   IDATA SIZE       =   ----    ----
   BIT SIZE         =   ----    ----
END OF MODULE INFORMATION.


C51 COMPILATION COMPLETE.  0 WARNING(S),  0 ERROR(S)
